TN:
SF:src/entity/address.ts
FN:8,Address
FN:15,validate
FN:29,toString
FNF:3
FNH:2
FNDA:1,Address
FNDA:1,validate
FNDA:0,toString
DA:1,1
DA:2,1
DA:3,1
DA:4,1
DA:5,1
DA:6,1
DA:7,1
DA:8,1
DA:9,1
DA:10,1
DA:11,1
DA:12,1
DA:13,1
DA:14,1
DA:15,1
DA:16,1
DA:17,0
DA:18,0
DA:19,1
DA:20,0
DA:21,0
DA:22,1
DA:23,0
DA:24,0
DA:25,1
DA:26,0
DA:27,0
DA:28,1
DA:29,1
DA:30,0
DA:31,0
DA:32,1
LF:32
LH:22
BRDA:8,0,0,1
BRDA:15,1,0,1
BRDA:16,2,0,0
BRDA:19,3,0,0
BRDA:22,4,0,0
BRDA:25,5,0,0
BRF:6
BRH:2
end_of_record
TN:
SF:src/entity/customer.ts
FN:10,Customer
FN:16,validate
FN:24,updateName
FN:27,updateAddress
FN:30,activate
FN:33,deactivate
FNF:6
FNH:2
FNDA:1,Customer
FNDA:1,validate
FNDA:0,updateName
FNDA:0,updateAddress
FNDA:0,activate
FNDA:0,deactivate
DA:1,1
DA:2,1
DA:3,1
DA:4,1
DA:5,1
DA:6,1
DA:7,1
DA:8,1
DA:9,1
DA:10,1
DA:11,1
DA:12,1
DA:13,1
DA:14,1
DA:15,1
DA:16,1
DA:17,1
DA:18,0
DA:19,0
DA:20,1
DA:21,0
DA:22,0
DA:23,1
DA:24,1
DA:25,0
DA:26,0
DA:27,1
DA:28,0
DA:29,0
DA:30,1
DA:31,0
DA:32,0
DA:33,1
DA:34,0
DA:35,0
DA:36,1
LF:36
LH:24
BRDA:10,0,0,1
BRDA:16,1,0,1
BRDA:17,2,0,0
BRDA:20,3,0,0
BRF:4
BRH:2
end_of_record
