TN:
SF:src/entity/OrderItem.ts
FN:2,OrderItem
FN:4,getPrice
FN:7,validate
FNF:3
FNH:2
FNDA:4,OrderItem
FNDA:4,getPrice
FNDA:0,validate
DA:1,1
DA:2,1
DA:3,4
DA:4,1
DA:5,4
DA:6,4
DA:7,1
DA:8,0
DA:9,0
DA:10,0
DA:11,0
DA:12,0
DA:13,0
DA:14,0
DA:15,0
DA:16,0
DA:17,0
DA:18,0
DA:19,0
DA:20,0
DA:21,0
DA:22,0
DA:23,0
DA:24,1
LF:24
LH:8
BRDA:2,0,0,4
BRDA:4,1,0,4
BRF:2
BRH:2
end_of_record
TN:
SF:src/entity/address.ts
FN:8,Address
FN:15,validate
FN:29,toString
FNF:3
FNH:2
FNDA:4,Address
FNDA:4,validate
FNDA:0,toString
DA:1,1
DA:2,1
DA:3,1
DA:4,1
DA:5,1
DA:6,1
DA:7,1
DA:8,1
DA:9,4
DA:10,4
DA:11,4
DA:12,4
DA:13,4
DA:14,4
DA:15,1
DA:16,4
DA:17,0
DA:18,0
DA:19,4
DA:20,0
DA:21,0
DA:22,4
DA:23,0
DA:24,0
DA:25,4
DA:26,0
DA:27,0
DA:28,4
DA:29,1
DA:30,0
DA:31,0
DA:32,1
LF:32
LH:22
BRDA:8,0,0,4
BRDA:15,1,0,4
BRDA:16,2,0,0
BRDA:19,3,0,0
BRDA:22,4,0,0
BRDA:25,5,0,0
BRF:6
BRH:2
end_of_record
TN:
SF:src/entity/customer.ts
FN:10,Customer
FN:16,validate
FN:25,updateName
FN:28,updateAddress
FN:31,getAddress
FN:34,activate
FN:37,isActive
FN:40,deactivate
FNF:8
FNH:8
FNDA:8,Customer
FNDA:8,validate
FNDA:1,updateName
FNDA:1,updateAddress
FNDA:1,getAddress
FNDA:1,activate
FNDA:1,isActive
FNDA:1,deactivate
DA:1,1
DA:2,1
DA:3,1
DA:4,1
DA:5,1
DA:6,1
DA:7,1
DA:8,1
DA:9,1
DA:10,1
DA:11,8
DA:12,8
DA:13,8
DA:14,8
DA:15,8
DA:16,1
DA:17,8
DA:18,1
DA:19,1
DA:20,8
DA:21,1
DA:22,1
DA:23,8
DA:24,8
DA:25,1
DA:26,1
DA:27,1
DA:28,1
DA:29,1
DA:30,1
DA:31,1
DA:32,1
DA:33,1
DA:34,1
DA:35,1
DA:36,1
DA:37,1
DA:38,1
DA:39,1
DA:40,1
DA:41,1
DA:42,1
DA:43,1
LF:43
LH:43
BRDA:10,0,0,8
BRDA:16,1,0,8
BRDA:17,2,0,1
BRDA:20,3,0,7
BRDA:20,4,0,1
BRDA:25,5,0,1
BRDA:28,6,0,1
BRDA:31,7,0,1
BRDA:34,8,0,1
BRDA:37,9,0,1
BRDA:40,10,0,1
BRF:11
BRH:11
end_of_record
TN:
SF:src/entity/order.ts
FN:5,Order
FN:9,validate
FN:21,total
FNF:3
FNH:3
FNDA:6,Order
FNDA:6,validate
FNDA:3,total
DA:1,1
DA:2,1
DA:3,1
DA:4,1
DA:5,1
DA:6,6
DA:7,6
DA:8,6
DA:9,1
DA:10,6
DA:11,1
DA:12,1
DA:13,6
DA:14,1
DA:15,1
DA:16,6
DA:17,1
DA:18,1
DA:19,3
DA:20,3
DA:21,1
DA:22,3
DA:23,3
DA:24,1
LF:24
LH:24
BRDA:5,0,0,6
BRDA:9,1,0,6
BRDA:10,2,0,1
BRDA:13,3,0,5
BRDA:13,4,0,1
BRDA:16,5,0,4
BRDA:16,6,0,3
BRDA:16,7,0,1
BRDA:21,8,0,3
BRDA:22,9,0,4
BRF:10
BRH:10
end_of_record
TN:
SF:src/entity/product.ts
FN:5,Product
FN:12,changeName
FN:16,changePrice
FN:20,validate
FNF:4
FNH:4
FNDA:7,Product
FNDA:1,changeName
FNDA:3,changePrice
FNDA:11,validate
DA:1,1
DA:2,1
DA:3,1
DA:4,1
DA:5,1
DA:6,7
DA:7,7
DA:8,7
DA:9,7
DA:10,7
DA:11,1
DA:12,1
DA:13,1
DA:14,1
DA:15,1
DA:16,1
DA:17,3
DA:18,3
DA:19,3
DA:20,1
DA:21,11
DA:22,1
DA:23,1
DA:24,11
DA:25,1
DA:26,1
DA:27,11
DA:28,1
DA:29,1
DA:30,8
DA:31,8
DA:32,1
LF:32
LH:32
BRDA:5,0,0,7
BRDA:12,1,0,1
BRDA:16,2,0,3
BRDA:20,3,0,11
BRDA:21,4,0,1
BRDA:24,5,0,10
BRDA:24,6,0,1
BRDA:27,7,0,9
BRDA:27,8,0,1
BRDA:30,9,0,8
BRF:10
BRH:10
end_of_record
TN:
SF:src/service/order.service.ts
FN:4,total
FNF:1
FNH:1
FNDA:1,total
DA:1,1
DA:2,1
DA:3,1
DA:4,1
DA:5,1
DA:6,1
DA:7,1
LF:7
LH:7
BRDA:4,0,0,1
BRDA:5,1,0,2
BRF:2
BRH:2
end_of_record
TN:
SF:src/service/product.service.ts
FN:5,increasePrice
FNF:1
FNH:1
FNDA:1,increasePrice
DA:1,1
DA:2,1
DA:3,1
DA:4,1
DA:5,1
DA:6,1
DA:7,2
DA:8,1
DA:9,1
DA:10,1
DA:11,1
LF:11
LH:11
BRDA:5,0,0,1
BRDA:6,1,0,2
BRF:2
BRH:2
end_of_record
